1776106156.714569 client started (42922): version 3.5a, socket /run/user/1000/tmux-1000/default, protocol 8
1776106156.714605 on Linux 6.6.87.2-microsoft-standard-WSL2 #1 SMP PREEMPT_DYNAMIC Thu Jun  5 18:30:46 UTC 2025
1776106156.714608 using libevent 2.1.12-stable poll
1776106156.714680 using utf8proc 2.11.1
1776106156.714685 using ncurses 6.5 20240427
1776106156.714697 flags are 0x10010000
1776106156.714712 socket is /run/user/1000/tmux-1000/default
1776106156.714730 trying connect
1776106156.714822 add peer 0x562a178b1030: 6 ((nil))
1776106156.715199 sending message 111 to peer 0x562a178b1030 (8 bytes)
1776106156.715206 sending message 111 to peer 0x562a178b1030 (8 bytes)
1776106156.715208 sending message 101 to peer 0x562a178b1030 (15 bytes)
1776106156.715210 sending message 109 to peer 0x562a178b1030 (4 bytes)
1776106156.715212 sending message 102 to peer 0x562a178b1030 (11 bytes)
1776106156.715215 sending message 108 to peer 0x562a178b1030 (27 bytes)
1776106156.715217 sending message 112 to peer 0x562a178b1030 (58 bytes)
1776106156.715219 sending message 112 to peer 0x562a178b1030 (5 bytes)
1776106156.715222 sending message 112 to peer 0x562a178b1030 (5 bytes)
1776106156.715224 sending message 112 to peer 0x562a178b1030 (6 bytes)
1776106156.715226 sending message 112 to peer 0x562a178b1030 (6 bytes)
1776106156.715228 sending message 112 to peer 0x562a178b1030 (11 bytes)
1776106156.715230 sending message 112 to peer 0x562a178b1030 (10 bytes)
1776106156.715233 sending message 112 to peer 0x562a178b1030 (13 bytes)
1776106156.715235 sending message 112 to peer 0x562a178b1030 (14 bytes)
1776106156.715237 sending message 112 to peer 0x562a178b1030 (19 bytes)
1776106156.715239 sending message 112 to peer 0x562a178b1030 (11 bytes)
1776106156.715241 sending message 112 to peer 0x562a178b1030 (10 bytes)
1776106156.715243 sending message 112 to peer 0x562a178b1030 (15 bytes)
1776106156.715246 sending message 112 to peer 0x562a178b1030 (21 bytes)
1776106156.715248 sending message 112 to peer 0x562a178b1030 (13 bytes)
1776106156.715250 sending message 112 to peer 0x562a178b1030 (7 bytes)
1776106156.715252 sending message 112 to peer 0x562a178b1030 (13 bytes)
1776106156.715254 sending message 112 to peer 0x562a178b1030 (7 bytes)
1776106156.715257 sending message 112 to peer 0x562a178b1030 (13 bytes)
1776106156.715259 sending message 112 to peer 0x562a178b1030 (9 bytes)
1776106156.715261 sending message 112 to peer 0x562a178b1030 (21 bytes)
1776106156.715263 sending message 112 to peer 0x562a178b1030 (13 bytes)
1776106156.715266 sending message 112 to peer 0x562a178b1030 (9 bytes)
1776106156.715268 sending message 112 to peer 0x562a178b1030 (16 bytes)
1776106156.715270 sending message 112 to peer 0x562a178b1030 (13 bytes)
1776106156.715272 sending message 112 to peer 0x562a178b1030 (9 bytes)
1776106156.715274 sending message 112 to peer 0x562a178b1030 (9 bytes)
1776106156.715277 sending message 112 to peer 0x562a178b1030 (12 bytes)
1776106156.715279 sending message 112 to peer 0x562a178b1030 (8 bytes)
1776106156.715281 sending message 112 to peer 0x562a178b1030 (8 bytes)
1776106156.715283 sending message 112 to peer 0x562a178b1030 (13 bytes)
1776106156.715285 sending message 112 to peer 0x562a178b1030 (7 bytes)
1776106156.715288 sending message 112 to peer 0x562a178b1030 (7 bytes)
1776106156.715290 sending message 112 to peer 0x562a178b1030 (9 bytes)
1776106156.715292 sending message 112 to peer 0x562a178b1030 (9 bytes)
1776106156.715294 sending message 112 to peer 0x562a178b1030 (15 bytes)
1776106156.715296 sending message 112 to peer 0x562a178b1030 (13 bytes)
1776106156.715299 sending message 112 to peer 0x562a178b1030 (12 bytes)
1776106156.715301 sending message 112 to peer 0x562a178b1030 (8 bytes)
1776106156.715303 sending message 112 to peer 0x562a178b1030 (14 bytes)
1776106156.715305 sending message 112 to peer 0x562a178b1030 (11 bytes)
1776106156.715308 sending message 112 to peer 0x562a178b1030 (9 bytes)
1776106156.715310 sending message 112 to peer 0x562a178b1030 (10 bytes)
1776106156.715312 sending message 112 to peer 0x562a178b1030 (10 bytes)
1776106156.715322 sending message 112 to peer 0x562a178b1030 (10 bytes)
1776106156.715324 sending message 112 to peer 0x562a178b1030 (10 bytes)
1776106156.715326 sending message 112 to peer 0x562a178b1030 (11 bytes)
1776106156.715329 sending message 112 to peer 0x562a178b1030 (12 bytes)
1776106156.715331 sending message 112 to peer 0x562a178b1030 (12 bytes)
1776106156.715333 sending message 112 to peer 0x562a178b1030 (12 bytes)
1776106156.715335 sending message 112 to peer 0x562a178b1030 (12 bytes)
1776106156.715338 sending message 112 to peer 0x562a178b1030 (12 bytes)
1776106156.715340 sending message 112 to peer 0x562a178b1030 (11 bytes)
1776106156.715342 sending message 112 to peer 0x562a178b1030 (11 bytes)
1776106156.715344 sending message 112 to peer 0x562a178b1030 (12 bytes)
1776106156.715347 sending message 112 to peer 0x562a178b1030 (12 bytes)
1776106156.715349 sending message 112 to peer 0x562a178b1030 (12 bytes)
1776106156.715351 sending message 112 to peer 0x562a178b1030 (12 bytes)
1776106156.715353 sending message 112 to peer 0x562a178b1030 (12 bytes)
1776106156.715356 sending message 112 to peer 0x562a178b1030 (9 bytes)
1776106156.715358 sending message 112 to peer 0x562a178b1030 (12 bytes)
1776106156.715360 sending message 112 to peer 0x562a178b1030 (13 bytes)
1776106156.715362 sending message 112 to peer 0x562a178b1030 (13 bytes)
1776106156.715365 sending message 112 to peer 0x562a178b1030 (13 bytes)
1776106156.715367 sending message 112 to peer 0x562a178b1030 (13 bytes)
1776106156.715369 sending message 112 to peer 0x562a178b1030 (13 bytes)
1776106156.715371 sending message 112 to peer 0x562a178b1030 (8 bytes)
1776106156.715374 sending message 112 to peer 0x562a178b1030 (11 bytes)
1776106156.715376 sending message 112 to peer 0x562a178b1030 (11 bytes)
1776106156.715378 sending message 112 to peer 0x562a178b1030 (11 bytes)
1776106156.715380 sending message 112 to peer 0x562a178b1030 (12 bytes)
1776106156.715383 sending message 112 to peer 0x562a178b1030 (12 bytes)
1776106156.715385 sending message 112 to peer 0x562a178b1030 (12 bytes)
1776106156.715387 sending message 112 to peer 0x562a178b1030 (12 bytes)
1776106156.715389 sending message 112 to peer 0x562a178b1030 (13 bytes)
1776106156.715392 sending message 112 to peer 0x562a178b1030 (13 bytes)
1776106156.715394 sending message 112 to peer 0x562a178b1030 (13 bytes)
1776106156.715396 sending message 112 to peer 0x562a178b1030 (8 bytes)
1776106156.715399 sending message 112 to peer 0x562a178b1030 (13 bytes)
1776106156.715401 sending message 112 to peer 0x562a178b1030 (13 bytes)
1776106156.715403 sending message 112 to peer 0x562a178b1030 (13 bytes)
1776106156.715405 sending message 112 to peer 0x562a178b1030 (13 bytes)
1776106156.715408 sending message 112 to peer 0x562a178b1030 (13 bytes)
1776106156.715410 sending message 112 to peer 0x562a178b1030 (12 bytes)
1776106156.715412 sending message 112 to peer 0x562a178b1030 (12 bytes)
1776106156.715414 sending message 112 to peer 0x562a178b1030 (12 bytes)
1776106156.715417 sending message 112 to peer 0x562a178b1030 (12 bytes)
1776106156.715419 sending message 112 to peer 0x562a178b1030 (13 bytes)
1776106156.715421 sending message 112 to peer 0x562a178b1030 (8 bytes)
1776106156.715423 sending message 112 to peer 0x562a178b1030 (13 bytes)
1776106156.715426 sending message 112 to peer 0x562a178b1030 (13 bytes)
1776106156.715428 sending message 112 to peer 0x562a178b1030 (13 bytes)
1776106156.715430 sending message 112 to peer 0x562a178b1030 (13 bytes)
1776106156.715432 sending message 112 to peer 0x562a178b1030 (13 bytes)
1776106156.715435 sending message 112 to peer 0x562a178b1030 (13 bytes)
1776106156.715437 sending message 112 to peer 0x562a178b1030 (13 bytes)
1776106156.715439 sending message 112 to peer 0x562a178b1030 (12 bytes)
1776106156.715441 sending message 112 to peer 0x562a178b1030 (12 bytes)
1776106156.715444 sending message 112 to peer 0x562a178b1030 (12 bytes)
1776106156.715446 sending message 112 to peer 0x562a178b1030 (8 bytes)
1776106156.715448 sending message 112 to peer 0x562a178b1030 (12 bytes)
1776106156.715455 sending message 112 to peer 0x562a178b1030 (13 bytes)
1776106156.715457 sending message 112 to peer 0x562a178b1030 (13 bytes)
1776106156.715459 sending message 112 to peer 0x562a178b1030 (13 bytes)
1776106156.715461 sending message 112 to peer 0x562a178b1030 (13 bytes)
1776106156.715464 sending message 112 to peer 0x562a178b1030 (13 bytes)
1776106156.715466 sending message 112 to peer 0x562a178b1030 (13 bytes)
1776106156.715468 sending message 112 to peer 0x562a178b1030 (13 bytes)
1776106156.715470 sending message 112 to peer 0x562a178b1030 (13 bytes)
1776106156.715472 sending message 112 to peer 0x562a178b1030 (12 bytes)
1776106156.715475 sending message 112 to peer 0x562a178b1030 (10 bytes)
1776106156.715477 sending message 112 to peer 0x562a178b1030 (12 bytes)
1776106156.715479 sending message 112 to peer 0x562a178b1030 (12 bytes)
1776106156.715481 sending message 112 to peer 0x562a178b1030 (12 bytes)
1776106156.715484 sending message 112 to peer 0x562a178b1030 (13 bytes)
1776106156.715486 sending message 112 to peer 0x562a178b1030 (13 bytes)
1776106156.715488 sending message 112 to peer 0x562a178b1030 (13 bytes)
1776106156.715490 sending message 112 to peer 0x562a178b1030 (13 bytes)
1776106156.715493 sending message 112 to peer 0x562a178b1030 (13 bytes)
1776106156.715495 sending message 112 to peer 0x562a178b1030 (13 bytes)
1776106156.715497 sending message 112 to peer 0x562a178b1030 (13 bytes)
1776106156.715499 sending message 112 to peer 0x562a178b1030 (10 bytes)
1776106156.715501 sending message 112 to peer 0x562a178b1030 (13 bytes)
1776106156.715504 sending message 112 to peer 0x562a178b1030 (12 bytes)
1776106156.715506 sending message 112 to peer 0x562a178b1030 (12 bytes)
1776106156.715508 sending message 112 to peer 0x562a178b1030 (12 bytes)
1776106156.715510 sending message 112 to peer 0x562a178b1030 (10 bytes)
1776106156.715512 sending message 112 to peer 0x562a178b1030 (10 bytes)
1776106156.715515 sending message 112 to peer 0x562a178b1030 (10 bytes)
1776106156.715517 sending message 112 to peer 0x562a178b1030 (12 bytes)
1776106156.715519 sending message 112 to peer 0x562a178b1030 (13 bytes)
1776106156.715521 sending message 112 to peer 0x562a178b1030 (13 bytes)
1776106156.715524 sending message 112 to peer 0x562a178b1030 (13 bytes)
1776106156.715526 sending message 112 to peer 0x562a178b1030 (13 bytes)
1776106156.715528 sending message 112 to peer 0x562a178b1030 (13 bytes)
1776106156.715530 sending message 112 to peer 0x562a178b1030 (10 bytes)
1776106156.715533 sending message 112 to peer 0x562a178b1030 (11 bytes)
1776106156.715535 sending message 112 to peer 0x562a178b1030 (12 bytes)
1776106156.715537 sending message 112 to peer 0x562a178b1030 (12 bytes)
1776106156.715539 sending message 112 to peer 0x562a178b1030 (12 bytes)
1776106156.715542 sending message 112 to peer 0x562a178b1030 (12 bytes)
1776106156.715544 sending message 112 to peer 0x562a178b1030 (12 bytes)
1776106156.715546 sending message 112 to peer 0x562a178b1030 (11 bytes)
1776106156.715548 sending message 112 to peer 0x562a178b1030 (12 bytes)
1776106156.715550 sending message 112 to peer 0x562a178b1030 (12 bytes)
1776106156.715553 sending message 112 to peer 0x562a178b1030 (13 bytes)
1776106156.715555 sending message 112 to peer 0x562a178b1030 (13 bytes)
1776106156.715557 sending message 112 to peer 0x562a178b1030 (13 bytes)
1776106156.715560 sending message 112 to peer 0x562a178b1030 (13 bytes)
1776106156.715562 sending message 112 to peer 0x562a178b1030 (13 bytes)
1776106156.715564 sending message 112 to peer 0x562a178b1030 (10 bytes)
1776106156.715566 sending message 112 to peer 0x562a178b1030 (9 bytes)
1776106156.715569 sending message 112 to peer 0x562a178b1030 (12 bytes)
1776106156.715571 sending message 112 to peer 0x562a178b1030 (13 bytes)
1776106156.715573 sending message 112 to peer 0x562a178b1030 (13 bytes)
1776106156.715575 sending message 112 to peer 0x562a178b1030 (13 bytes)
1776106156.715577 sending message 112 to peer 0x562a178b1030 (13 bytes)
1776106156.715580 sending message 112 to peer 0x562a178b1030 (13 bytes)
1776106156.715587 sending message 112 to peer 0x562a178b1030 (9 bytes)
1776106156.715589 sending message 112 to peer 0x562a178b1030 (12 bytes)
1776106156.715591 sending message 112 to peer 0x562a178b1030 (13 bytes)
1776106156.715593 sending message 112 to peer 0x562a178b1030 (13 bytes)
1776106156.715596 sending message 112 to peer 0x562a178b1030 (13 bytes)
1776106156.715598 sending message 112 to peer 0x562a178b1030 (13 bytes)
1776106156.715600 sending message 112 to peer 0x562a178b1030 (13 bytes)
1776106156.715602 sending message 112 to peer 0x562a178b1030 (11 bytes)
1776106156.715605 sending message 112 to peer 0x562a178b1030 (12 bytes)
1776106156.715607 sending message 112 to peer 0x562a178b1030 (13 bytes)
1776106156.715609 sending message 112 to peer 0x562a178b1030 (13 bytes)
1776106156.715612 sending message 112 to peer 0x562a178b1030 (13 bytes)
1776106156.715614 sending message 112 to peer 0x562a178b1030 (13 bytes)
1776106156.715616 sending message 112 to peer 0x562a178b1030 (13 bytes)
1776106156.715618 sending message 112 to peer 0x562a178b1030 (11 bytes)
1776106156.715620 sending message 112 to peer 0x562a178b1030 (12 bytes)
1776106156.715623 sending message 112 to peer 0x562a178b1030 (12 bytes)
1776106156.715625 sending message 112 to peer 0x562a178b1030 (12 bytes)
1776106156.715627 sending message 112 to peer 0x562a178b1030 (12 bytes)
1776106156.715630 sending message 112 to peer 0x562a178b1030 (12 bytes)
1776106156.715632 sending message 112 to peer 0x562a178b1030 (21 bytes)
1776106156.715634 sending message 112 to peer 0x562a178b1030 (12 bytes)
1776106156.715636 sending message 112 to peer 0x562a178b1030 (9 bytes)
1776106156.715639 sending message 112 to peer 0x562a178b1030 (6 bytes)
1776106156.715641 sending message 112 to peer 0x562a178b1030 (13 bytes)
1776106156.715643 sending message 112 to peer 0x562a178b1030 (10 bytes)
1776106156.715646 sending message 112 to peer 0x562a178b1030 (24 bytes)
1776106156.715648 sending message 112 to peer 0x562a178b1030 (13 bytes)
1776106156.715650 sending message 112 to peer 0x562a178b1030 (9 bytes)
1776106156.715652 sending message 112 to peer 0x562a178b1030 (70 bytes)
1776106156.715655 sending message 112 to peer 0x562a178b1030 (69 bytes)
1776106156.715657 sending message 112 to peer 0x562a178b1030 (12 bytes)
1776106156.715659 sending message 112 to peer 0x562a178b1030 (10 bytes)
1776106156.715662 sending message 112 to peer 0x562a178b1030 (10 bytes)
1776106156.715664 sending message 112 to peer 0x562a178b1030 (24 bytes)
1776106156.715666 sending message 112 to peer 0x562a178b1030 (13 bytes)
1776106156.715669 sending message 112 to peer 0x562a178b1030 (10 bytes)
1776106156.715671 sending message 112 to peer 0x562a178b1030 (10 bytes)
1776106156.715673 sending message 112 to peer 0x562a178b1030 (10 bytes)
1776106156.715676 sending message 112 to peer 0x562a178b1030 (13 bytes)
1776106156.715678 sending message 112 to peer 0x562a178b1030 (15 bytes)
1776106156.715680 sending message 112 to peer 0x562a178b1030 (5 bytes)
1776106156.715683 sending message 104 to peer 0x562a178b1030 (0 bytes)
1776106156.715686 sending message 110 to peer 0x562a178b1030 (0 bytes)
1776106156.715689 sending message 107 to peer 0x562a178b1030 (4 bytes)
1776106156.715691 sending message 105 to peer 0x562a178b1030 (54 bytes)
1776106156.715693 sending message 105 to peer 0x562a178b1030 (11 bytes)
1776106156.715696 sending message 105 to peer 0x562a178b1030 (12 bytes)
1776106156.715698 sending message 105 to peer 0x562a178b1030 (14 bytes)
1776106156.715700 sending message 105 to peer 0x562a178b1030 (696 bytes)
1776106156.715703 sending message 105 to peer 0x562a178b1030 (17 bytes)
1776106156.715705 sending message 105 to peer 0x562a178b1030 (16 bytes)
1776106156.715708 sending message 105 to peer 0x562a178b1030 (419 bytes)
1776106156.715710 sending message 105 to peer 0x562a178b1030 (17 bytes)
1776106156.715712 sending message 105 to peer 0x562a178b1030 (8 bytes)
1776106156.715715 sending message 105 to peer 0x562a178b1030 (72 bytes)
1776106156.715717 sending message 105 to peer 0x562a178b1030 (218 bytes)
1776106156.715724 sending message 105 to peer 0x562a178b1030 (64 bytes)
1776106156.715726 sending message 105 to peer 0x562a178b1030 (14 bytes)
1776106156.715728 sending message 105 to peer 0x562a178b1030 (32 bytes)
1776106156.715731 sending message 105 to peer 0x562a178b1030 (1917 bytes)
1776106156.715740 sending message 105 to peer 0x562a178b1030 (11 bytes)
1776106156.715742 sending message 105 to peer 0x562a178b1030 (43 bytes)
1776106156.715745 sending message 105 to peer 0x562a178b1030 (155 bytes)
1776106156.715747 sending message 105 to peer 0x562a178b1030 (170 bytes)
1776106156.715749 sending message 105 to peer 0x562a178b1030 (58 bytes)
1776106156.715751 sending message 105 to peer 0x562a178b1030 (15 bytes)
1776106156.715754 sending message 105 to peer 0x562a178b1030 (29 bytes)
1776106156.715756 sending message 105 to peer 0x562a178b1030 (11 bytes)
1776106156.715758 sending message 105 to peer 0x562a178b1030 (1899 bytes)
1776106156.715761 sending message 105 to peer 0x562a178b1030 (40 bytes)
1776106156.715763 sending message 105 to peer 0x562a178b1030 (31 bytes)
1776106156.715766 sending message 105 to peer 0x562a178b1030 (304 bytes)
1776106156.715768 sending message 105 to peer 0x562a178b1030 (37 bytes)
1776106156.715770 sending message 105 to peer 0x562a178b1030 (8 bytes)
1776106156.715773 sending message 105 to peer 0x562a178b1030 (13 bytes)
1776106156.715775 sending message 105 to peer 0x562a178b1030 (20 bytes)
1776106156.715777 sending message 105 to peer 0x562a178b1030 (261 bytes)
1776106156.715780 sending message 105 to peer 0x562a178b1030 (18 bytes)
1776106156.715782 sending message 105 to peer 0x562a178b1030 (26 bytes)
1776106156.715784 sending message 105 to peer 0x562a178b1030 (44 bytes)
1776106156.715786 sending message 105 to peer 0x562a178b1030 (13 bytes)
1776106156.715789 sending message 105 to peer 0x562a178b1030 (28 bytes)
1776106156.715791 sending message 105 to peer 0x562a178b1030 (20 bytes)
1776106156.715793 sending message 105 to peer 0x562a178b1030 (11 bytes)
1776106156.715796 sending message 105 to peer 0x562a178b1030 (29 bytes)
1776106156.715798 sending message 105 to peer 0x562a178b1030 (26 bytes)
1776106156.715800 sending message 105 to peer 0x562a178b1030 (24 bytes)
1776106156.715803 sending message 105 to peer 0x562a178b1030 (33 bytes)
1776106156.715805 sending message 105 to peer 0x562a178b1030 (1474 bytes)
1776106156.715808 sending message 105 to peer 0x562a178b1030 (22 bytes)
1776106156.715810 sending message 105 to peer 0x562a178b1030 (33 bytes)
1776106156.715812 sending message 105 to peer 0x562a178b1030 (53 bytes)
1776106156.715814 sending message 105 to peer 0x562a178b1030 (48 bytes)
1776106156.715817 sending message 105 to peer 0x562a178b1030 (533 bytes)
1776106156.715819 sending message 105 to peer 0x562a178b1030 (230 bytes)
1776106156.715821 sending message 105 to peer 0x562a178b1030 (207 bytes)
1776106156.715824 sending message 105 to peer 0x562a178b1030 (32 bytes)
1776106156.715826 sending message 105 to peer 0x562a178b1030 (85 bytes)
1776106156.715828 sending message 105 to peer 0x562a178b1030 (34 bytes)
1776106156.715831 sending message 105 to peer 0x562a178b1030 (31 bytes)
1776106156.715833 sending message 106 to peer 0x562a178b1030 (0 bytes)
1776106156.715906 sending message 200 to peer 0x562a178b1030 (4 bytes)
1776106156.715911 client loop enter
1776106156.717548 peer 0x562a178b1030 message 303
1776106156.717556 open write file 2 -
1776106156.717562 sending message 305 to peer 0x562a178b1030 (8 bytes)
1776106156.717569 write check file 2
1776106156.717737 peer 0x562a178b1030 message 304
1776106156.717741 write 58 to file 2
1776106156.717744 peer 0x562a178b1030 message 203
1776106156.717747 file 2 58 bytes left
1776106156.717779 write check file 2
1776106156.717784 client loop exit
