1776198371.963421 client started (126094): version 3.6a, socket /run/user/1000/tmux-1000/default, protocol 8
1776198371.963449 on Linux 6.6.87.2-microsoft-standard-WSL2 #1 SMP PREEMPT_DYNAMIC Thu Jun  5 18:30:46 UTC 2025
1776198371.963451 using libevent 2.1.12-stable poll
1776198371.963478 using utf8proc 2.11.3
1776198371.963483 using ncurses 6.6 20251230
1776198371.963495 flags are 0x10010000
1776198371.963512 socket is /run/user/1000/tmux-1000/default
1776198371.963522 trying connect
1776198371.963576 add peer 0x5fa2efbe1ff0: 6 ((nil))
1776198371.963887 sending message 111 to peer 0x5fa2efbe1ff0 (8 bytes)
1776198371.963893 sending message 111 to peer 0x5fa2efbe1ff0 (8 bytes)
1776198371.963895 sending message 101 to peer 0x5fa2efbe1ff0 (15 bytes)
1776198371.963898 sending message 109 to peer 0x5fa2efbe1ff0 (4 bytes)
1776198371.963900 sending message 102 to peer 0x5fa2efbe1ff0 (11 bytes)
1776198371.963903 sending message 108 to peer 0x5fa2efbe1ff0 (27 bytes)
1776198371.963905 sending message 112 to peer 0x5fa2efbe1ff0 (58 bytes)
1776198371.963907 sending message 112 to peer 0x5fa2efbe1ff0 (5 bytes)
1776198371.963909 sending message 112 to peer 0x5fa2efbe1ff0 (5 bytes)
1776198371.963912 sending message 112 to peer 0x5fa2efbe1ff0 (6 bytes)
1776198371.963914 sending message 112 to peer 0x5fa2efbe1ff0 (6 bytes)
1776198371.963916 sending message 112 to peer 0x5fa2efbe1ff0 (11 bytes)
1776198371.963918 sending message 112 to peer 0x5fa2efbe1ff0 (10 bytes)
1776198371.963921 sending message 112 to peer 0x5fa2efbe1ff0 (13 bytes)
1776198371.963923 sending message 112 to peer 0x5fa2efbe1ff0 (14 bytes)
1776198371.963925 sending message 112 to peer 0x5fa2efbe1ff0 (19 bytes)
1776198371.963927 sending message 112 to peer 0x5fa2efbe1ff0 (11 bytes)
1776198371.963929 sending message 112 to peer 0x5fa2efbe1ff0 (10 bytes)
1776198371.963932 sending message 112 to peer 0x5fa2efbe1ff0 (15 bytes)
1776198371.963934 sending message 112 to peer 0x5fa2efbe1ff0 (21 bytes)
1776198371.963936 sending message 112 to peer 0x5fa2efbe1ff0 (13 bytes)
1776198371.963938 sending message 112 to peer 0x5fa2efbe1ff0 (7 bytes)
1776198371.963941 sending message 112 to peer 0x5fa2efbe1ff0 (13 bytes)
1776198371.963943 sending message 112 to peer 0x5fa2efbe1ff0 (7 bytes)
1776198371.963945 sending message 112 to peer 0x5fa2efbe1ff0 (13 bytes)
1776198371.963947 sending message 112 to peer 0x5fa2efbe1ff0 (9 bytes)
1776198371.963949 sending message 112 to peer 0x5fa2efbe1ff0 (21 bytes)
1776198371.963952 sending message 112 to peer 0x5fa2efbe1ff0 (13 bytes)
1776198371.963954 sending message 112 to peer 0x5fa2efbe1ff0 (9 bytes)
1776198371.963956 sending message 112 to peer 0x5fa2efbe1ff0 (16 bytes)
1776198371.963958 sending message 112 to peer 0x5fa2efbe1ff0 (13 bytes)
1776198371.963961 sending message 112 to peer 0x5fa2efbe1ff0 (9 bytes)
1776198371.963963 sending message 112 to peer 0x5fa2efbe1ff0 (9 bytes)
1776198371.963965 sending message 112 to peer 0x5fa2efbe1ff0 (12 bytes)
1776198371.963967 sending message 112 to peer 0x5fa2efbe1ff0 (8 bytes)
1776198371.963969 sending message 112 to peer 0x5fa2efbe1ff0 (8 bytes)
1776198371.963972 sending message 112 to peer 0x5fa2efbe1ff0 (13 bytes)
1776198371.963974 sending message 112 to peer 0x5fa2efbe1ff0 (7 bytes)
1776198371.963976 sending message 112 to peer 0x5fa2efbe1ff0 (7 bytes)
1776198371.963978 sending message 112 to peer 0x5fa2efbe1ff0 (9 bytes)
1776198371.963981 sending message 112 to peer 0x5fa2efbe1ff0 (9 bytes)
1776198371.963983 sending message 112 to peer 0x5fa2efbe1ff0 (15 bytes)
1776198371.963985 sending message 112 to peer 0x5fa2efbe1ff0 (13 bytes)
1776198371.963987 sending message 112 to peer 0x5fa2efbe1ff0 (12 bytes)
1776198371.963989 sending message 112 to peer 0x5fa2efbe1ff0 (8 bytes)
1776198371.963992 sending message 112 to peer 0x5fa2efbe1ff0 (14 bytes)
1776198371.963994 sending message 112 to peer 0x5fa2efbe1ff0 (11 bytes)
1776198371.963996 sending message 112 to peer 0x5fa2efbe1ff0 (9 bytes)
1776198371.963998 sending message 112 to peer 0x5fa2efbe1ff0 (10 bytes)
1776198371.964000 sending message 112 to peer 0x5fa2efbe1ff0 (10 bytes)
1776198371.964010 sending message 112 to peer 0x5fa2efbe1ff0 (10 bytes)
1776198371.964013 sending message 112 to peer 0x5fa2efbe1ff0 (10 bytes)
1776198371.964015 sending message 112 to peer 0x5fa2efbe1ff0 (11 bytes)
1776198371.964017 sending message 112 to peer 0x5fa2efbe1ff0 (12 bytes)
1776198371.964019 sending message 112 to peer 0x5fa2efbe1ff0 (12 bytes)
1776198371.964021 sending message 112 to peer 0x5fa2efbe1ff0 (12 bytes)
1776198371.964024 sending message 112 to peer 0x5fa2efbe1ff0 (12 bytes)
1776198371.964026 sending message 112 to peer 0x5fa2efbe1ff0 (12 bytes)
1776198371.964028 sending message 112 to peer 0x5fa2efbe1ff0 (11 bytes)
1776198371.964030 sending message 112 to peer 0x5fa2efbe1ff0 (11 bytes)
1776198371.964033 sending message 112 to peer 0x5fa2efbe1ff0 (12 bytes)
1776198371.964035 sending message 112 to peer 0x5fa2efbe1ff0 (12 bytes)
1776198371.964037 sending message 112 to peer 0x5fa2efbe1ff0 (12 bytes)
1776198371.964040 sending message 112 to peer 0x5fa2efbe1ff0 (12 bytes)
1776198371.964042 sending message 112 to peer 0x5fa2efbe1ff0 (12 bytes)
1776198371.964044 sending message 112 to peer 0x5fa2efbe1ff0 (9 bytes)
1776198371.964046 sending message 112 to peer 0x5fa2efbe1ff0 (12 bytes)
1776198371.964049 sending message 112 to peer 0x5fa2efbe1ff0 (13 bytes)
1776198371.964051 sending message 112 to peer 0x5fa2efbe1ff0 (13 bytes)
1776198371.964053 sending message 112 to peer 0x5fa2efbe1ff0 (13 bytes)
1776198371.964055 sending message 112 to peer 0x5fa2efbe1ff0 (13 bytes)
1776198371.964058 sending message 112 to peer 0x5fa2efbe1ff0 (13 bytes)
1776198371.964060 sending message 112 to peer 0x5fa2efbe1ff0 (8 bytes)
1776198371.964062 sending message 112 to peer 0x5fa2efbe1ff0 (11 bytes)
1776198371.964064 sending message 112 to peer 0x5fa2efbe1ff0 (11 bytes)
1776198371.964067 sending message 112 to peer 0x5fa2efbe1ff0 (11 bytes)
1776198371.964069 sending message 112 to peer 0x5fa2efbe1ff0 (12 bytes)
1776198371.964071 sending message 112 to peer 0x5fa2efbe1ff0 (12 bytes)
1776198371.964073 sending message 112 to peer 0x5fa2efbe1ff0 (12 bytes)
1776198371.964076 sending message 112 to peer 0x5fa2efbe1ff0 (12 bytes)
1776198371.964078 sending message 112 to peer 0x5fa2efbe1ff0 (13 bytes)
1776198371.964080 sending message 112 to peer 0x5fa2efbe1ff0 (13 bytes)
1776198371.964082 sending message 112 to peer 0x5fa2efbe1ff0 (13 bytes)
1776198371.964085 sending message 112 to peer 0x5fa2efbe1ff0 (8 bytes)
1776198371.964087 sending message 112 to peer 0x5fa2efbe1ff0 (13 bytes)
1776198371.964089 sending message 112 to peer 0x5fa2efbe1ff0 (13 bytes)
1776198371.964091 sending message 112 to peer 0x5fa2efbe1ff0 (13 bytes)
1776198371.964094 sending message 112 to peer 0x5fa2efbe1ff0 (13 bytes)
1776198371.964096 sending message 112 to peer 0x5fa2efbe1ff0 (13 bytes)
1776198371.964098 sending message 112 to peer 0x5fa2efbe1ff0 (12 bytes)
1776198371.964100 sending message 112 to peer 0x5fa2efbe1ff0 (12 bytes)
1776198371.964103 sending message 112 to peer 0x5fa2efbe1ff0 (12 bytes)
1776198371.964105 sending message 112 to peer 0x5fa2efbe1ff0 (12 bytes)
1776198371.964107 sending message 112 to peer 0x5fa2efbe1ff0 (13 bytes)
1776198371.964109 sending message 112 to peer 0x5fa2efbe1ff0 (8 bytes)
1776198371.964112 sending message 112 to peer 0x5fa2efbe1ff0 (13 bytes)
1776198371.964114 sending message 112 to peer 0x5fa2efbe1ff0 (13 bytes)
1776198371.964116 sending message 112 to peer 0x5fa2efbe1ff0 (13 bytes)
1776198371.964119 sending message 112 to peer 0x5fa2efbe1ff0 (13 bytes)
1776198371.964121 sending message 112 to peer 0x5fa2efbe1ff0 (13 bytes)
1776198371.964123 sending message 112 to peer 0x5fa2efbe1ff0 (13 bytes)
1776198371.964125 sending message 112 to peer 0x5fa2efbe1ff0 (13 bytes)
1776198371.964128 sending message 112 to peer 0x5fa2efbe1ff0 (12 bytes)
1776198371.964130 sending message 112 to peer 0x5fa2efbe1ff0 (12 bytes)
1776198371.964132 sending message 112 to peer 0x5fa2efbe1ff0 (12 bytes)
1776198371.964135 sending message 112 to peer 0x5fa2efbe1ff0 (8 bytes)
1776198371.964137 sending message 112 to peer 0x5fa2efbe1ff0 (12 bytes)
1776198371.964143 sending message 112 to peer 0x5fa2efbe1ff0 (13 bytes)
1776198371.964146 sending message 112 to peer 0x5fa2efbe1ff0 (13 bytes)
1776198371.964148 sending message 112 to peer 0x5fa2efbe1ff0 (13 bytes)
1776198371.964150 sending message 112 to peer 0x5fa2efbe1ff0 (13 bytes)
1776198371.964152 sending message 112 to peer 0x5fa2efbe1ff0 (13 bytes)
1776198371.964155 sending message 112 to peer 0x5fa2efbe1ff0 (13 bytes)
1776198371.964157 sending message 112 to peer 0x5fa2efbe1ff0 (13 bytes)
1776198371.964159 sending message 112 to peer 0x5fa2efbe1ff0 (13 bytes)
1776198371.964161 sending message 112 to peer 0x5fa2efbe1ff0 (12 bytes)
1776198371.964164 sending message 112 to peer 0x5fa2efbe1ff0 (10 bytes)
1776198371.964166 sending message 112 to peer 0x5fa2efbe1ff0 (12 bytes)
1776198371.964168 sending message 112 to peer 0x5fa2efbe1ff0 (12 bytes)
1776198371.964170 sending message 112 to peer 0x5fa2efbe1ff0 (12 bytes)
1776198371.964173 sending message 112 to peer 0x5fa2efbe1ff0 (13 bytes)
1776198371.964175 sending message 112 to peer 0x5fa2efbe1ff0 (13 bytes)
1776198371.964177 sending message 112 to peer 0x5fa2efbe1ff0 (13 bytes)
1776198371.964179 sending message 112 to peer 0x5fa2efbe1ff0 (13 bytes)
1776198371.964182 sending message 112 to peer 0x5fa2efbe1ff0 (13 bytes)
1776198371.964184 sending message 112 to peer 0x5fa2efbe1ff0 (13 bytes)
1776198371.964186 sending message 112 to peer 0x5fa2efbe1ff0 (13 bytes)
1776198371.964188 sending message 112 to peer 0x5fa2efbe1ff0 (10 bytes)
1776198371.964191 sending message 112 to peer 0x5fa2efbe1ff0 (13 bytes)
1776198371.964193 sending message 112 to peer 0x5fa2efbe1ff0 (12 bytes)
1776198371.964195 sending message 112 to peer 0x5fa2efbe1ff0 (12 bytes)
1776198371.964197 sending message 112 to peer 0x5fa2efbe1ff0 (12 bytes)
1776198371.964200 sending message 112 to peer 0x5fa2efbe1ff0 (10 bytes)
1776198371.964202 sending message 112 to peer 0x5fa2efbe1ff0 (10 bytes)
1776198371.964204 sending message 112 to peer 0x5fa2efbe1ff0 (10 bytes)
1776198371.964206 sending message 112 to peer 0x5fa2efbe1ff0 (12 bytes)
1776198371.964209 sending message 112 to peer 0x5fa2efbe1ff0 (13 bytes)
1776198371.964211 sending message 112 to peer 0x5fa2efbe1ff0 (13 bytes)
1776198371.964213 sending message 112 to peer 0x5fa2efbe1ff0 (13 bytes)
1776198371.964215 sending message 112 to peer 0x5fa2efbe1ff0 (13 bytes)
1776198371.964218 sending message 112 to peer 0x5fa2efbe1ff0 (13 bytes)
1776198371.964220 sending message 112 to peer 0x5fa2efbe1ff0 (10 bytes)
1776198371.964222 sending message 112 to peer 0x5fa2efbe1ff0 (11 bytes)
1776198371.964224 sending message 112 to peer 0x5fa2efbe1ff0 (12 bytes)
1776198371.964226 sending message 112 to peer 0x5fa2efbe1ff0 (12 bytes)
1776198371.964229 sending message 112 to peer 0x5fa2efbe1ff0 (12 bytes)
1776198371.964231 sending message 112 to peer 0x5fa2efbe1ff0 (12 bytes)
1776198371.964233 sending message 112 to peer 0x5fa2efbe1ff0 (12 bytes)
1776198371.964235 sending message 112 to peer 0x5fa2efbe1ff0 (11 bytes)
1776198371.964238 sending message 112 to peer 0x5fa2efbe1ff0 (12 bytes)
1776198371.964240 sending message 112 to peer 0x5fa2efbe1ff0 (12 bytes)
1776198371.964242 sending message 112 to peer 0x5fa2efbe1ff0 (13 bytes)
1776198371.964244 sending message 112 to peer 0x5fa2efbe1ff0 (13 bytes)
1776198371.964247 sending message 112 to peer 0x5fa2efbe1ff0 (13 bytes)
1776198371.964249 sending message 112 to peer 0x5fa2efbe1ff0 (13 bytes)
1776198371.964251 sending message 112 to peer 0x5fa2efbe1ff0 (13 bytes)
1776198371.964253 sending message 112 to peer 0x5fa2efbe1ff0 (10 bytes)
1776198371.964256 sending message 112 to peer 0x5fa2efbe1ff0 (9 bytes)
1776198371.964258 sending message 112 to peer 0x5fa2efbe1ff0 (12 bytes)
1776198371.964260 sending message 112 to peer 0x5fa2efbe1ff0 (13 bytes)
1776198371.964262 sending message 112 to peer 0x5fa2efbe1ff0 (13 bytes)
1776198371.964265 sending message 112 to peer 0x5fa2efbe1ff0 (13 bytes)
1776198371.964267 sending message 112 to peer 0x5fa2efbe1ff0 (13 bytes)
1776198371.964269 sending message 112 to peer 0x5fa2efbe1ff0 (13 bytes)
1776198371.964275 sending message 112 to peer 0x5fa2efbe1ff0 (9 bytes)
1776198371.964278 sending message 112 to peer 0x5fa2efbe1ff0 (12 bytes)
1776198371.964280 sending message 112 to peer 0x5fa2efbe1ff0 (13 bytes)
1776198371.964282 sending message 112 to peer 0x5fa2efbe1ff0 (13 bytes)
1776198371.964284 sending message 112 to peer 0x5fa2efbe1ff0 (13 bytes)
1776198371.964287 sending message 112 to peer 0x5fa2efbe1ff0 (13 bytes)
1776198371.964289 sending message 112 to peer 0x5fa2efbe1ff0 (13 bytes)
1776198371.964291 sending message 112 to peer 0x5fa2efbe1ff0 (11 bytes)
1776198371.964293 sending message 112 to peer 0x5fa2efbe1ff0 (12 bytes)
1776198371.964296 sending message 112 to peer 0x5fa2efbe1ff0 (13 bytes)
1776198371.964298 sending message 112 to peer 0x5fa2efbe1ff0 (13 bytes)
1776198371.964300 sending message 112 to peer 0x5fa2efbe1ff0 (13 bytes)
1776198371.964303 sending message 112 to peer 0x5fa2efbe1ff0 (13 bytes)
1776198371.964306 sending message 112 to peer 0x5fa2efbe1ff0 (13 bytes)
1776198371.964309 sending message 112 to peer 0x5fa2efbe1ff0 (11 bytes)
1776198371.964312 sending message 112 to peer 0x5fa2efbe1ff0 (12 bytes)
1776198371.964315 sending message 112 to peer 0x5fa2efbe1ff0 (12 bytes)
1776198371.964318 sending message 112 to peer 0x5fa2efbe1ff0 (12 bytes)
1776198371.964320 sending message 112 to peer 0x5fa2efbe1ff0 (12 bytes)
1776198371.964322 sending message 112 to peer 0x5fa2efbe1ff0 (12 bytes)
1776198371.964324 sending message 112 to peer 0x5fa2efbe1ff0 (21 bytes)
1776198371.964327 sending message 112 to peer 0x5fa2efbe1ff0 (12 bytes)
1776198371.964329 sending message 112 to peer 0x5fa2efbe1ff0 (9 bytes)
1776198371.964331 sending message 112 to peer 0x5fa2efbe1ff0 (6 bytes)
1776198371.964333 sending message 112 to peer 0x5fa2efbe1ff0 (13 bytes)
1776198371.964336 sending message 112 to peer 0x5fa2efbe1ff0 (10 bytes)
1776198371.964338 sending message 112 to peer 0x5fa2efbe1ff0 (24 bytes)
1776198371.964340 sending message 112 to peer 0x5fa2efbe1ff0 (13 bytes)
1776198371.964342 sending message 112 to peer 0x5fa2efbe1ff0 (9 bytes)
1776198371.964345 sending message 112 to peer 0x5fa2efbe1ff0 (70 bytes)
1776198371.964347 sending message 112 to peer 0x5fa2efbe1ff0 (69 bytes)
1776198371.964349 sending message 112 to peer 0x5fa2efbe1ff0 (12 bytes)
1776198371.964351 sending message 112 to peer 0x5fa2efbe1ff0 (10 bytes)
1776198371.964354 sending message 112 to peer 0x5fa2efbe1ff0 (10 bytes)
1776198371.964356 sending message 112 to peer 0x5fa2efbe1ff0 (24 bytes)
1776198371.964358 sending message 112 to peer 0x5fa2efbe1ff0 (13 bytes)
1776198371.964361 sending message 112 to peer 0x5fa2efbe1ff0 (10 bytes)
1776198371.964363 sending message 112 to peer 0x5fa2efbe1ff0 (10 bytes)
1776198371.964365 sending message 112 to peer 0x5fa2efbe1ff0 (10 bytes)
1776198371.964367 sending message 112 to peer 0x5fa2efbe1ff0 (13 bytes)
1776198371.964370 sending message 112 to peer 0x5fa2efbe1ff0 (15 bytes)
1776198371.964372 sending message 112 to peer 0x5fa2efbe1ff0 (5 bytes)
1776198371.964375 sending message 104 to peer 0x5fa2efbe1ff0 (0 bytes)
1776198371.964377 sending message 110 to peer 0x5fa2efbe1ff0 (0 bytes)
1776198371.964380 sending message 107 to peer 0x5fa2efbe1ff0 (4 bytes)
1776198371.964383 sending message 105 to peer 0x5fa2efbe1ff0 (54 bytes)
1776198371.964385 sending message 105 to peer 0x5fa2efbe1ff0 (11 bytes)
1776198371.964387 sending message 105 to peer 0x5fa2efbe1ff0 (12 bytes)
1776198371.964389 sending message 105 to peer 0x5fa2efbe1ff0 (14 bytes)
1776198371.964392 sending message 105 to peer 0x5fa2efbe1ff0 (696 bytes)
1776198371.964394 sending message 105 to peer 0x5fa2efbe1ff0 (17 bytes)
1776198371.964396 sending message 105 to peer 0x5fa2efbe1ff0 (16 bytes)
1776198371.964399 sending message 105 to peer 0x5fa2efbe1ff0 (419 bytes)
1776198371.964401 sending message 105 to peer 0x5fa2efbe1ff0 (17 bytes)
1776198371.964403 sending message 105 to peer 0x5fa2efbe1ff0 (8 bytes)
1776198371.964406 sending message 105 to peer 0x5fa2efbe1ff0 (72 bytes)
1776198371.964408 sending message 105 to peer 0x5fa2efbe1ff0 (218 bytes)
1776198371.964419 sending message 105 to peer 0x5fa2efbe1ff0 (64 bytes)
1776198371.964422 sending message 105 to peer 0x5fa2efbe1ff0 (14 bytes)
1776198371.964424 sending message 105 to peer 0x5fa2efbe1ff0 (32 bytes)
1776198371.964427 sending message 105 to peer 0x5fa2efbe1ff0 (1917 bytes)
1776198371.964436 sending message 105 to peer 0x5fa2efbe1ff0 (11 bytes)
1776198371.964438 sending message 105 to peer 0x5fa2efbe1ff0 (43 bytes)
1776198371.964440 sending message 105 to peer 0x5fa2efbe1ff0 (155 bytes)
1776198371.964443 sending message 105 to peer 0x5fa2efbe1ff0 (170 bytes)
1776198371.964445 sending message 105 to peer 0x5fa2efbe1ff0 (58 bytes)
1776198371.964447 sending message 105 to peer 0x5fa2efbe1ff0 (15 bytes)
1776198371.964450 sending message 105 to peer 0x5fa2efbe1ff0 (34 bytes)
1776198371.964452 sending message 105 to peer 0x5fa2efbe1ff0 (11 bytes)
1776198371.964454 sending message 105 to peer 0x5fa2efbe1ff0 (1949 bytes)
1776198371.964457 sending message 105 to peer 0x5fa2efbe1ff0 (40 bytes)
1776198371.964459 sending message 105 to peer 0x5fa2efbe1ff0 (31 bytes)
1776198371.964462 sending message 105 to peer 0x5fa2efbe1ff0 (304 bytes)
1776198371.964464 sending message 105 to peer 0x5fa2efbe1ff0 (37 bytes)
1776198371.964466 sending message 105 to peer 0x5fa2efbe1ff0 (8 bytes)
1776198371.964469 sending message 105 to peer 0x5fa2efbe1ff0 (13 bytes)
1776198371.964471 sending message 105 to peer 0x5fa2efbe1ff0 (20 bytes)
1776198371.964473 sending message 105 to peer 0x5fa2efbe1ff0 (261 bytes)
1776198371.964475 sending message 105 to peer 0x5fa2efbe1ff0 (18 bytes)
1776198371.964478 sending message 105 to peer 0x5fa2efbe1ff0 (26 bytes)
1776198371.964480 sending message 105 to peer 0x5fa2efbe1ff0 (44 bytes)
1776198371.964482 sending message 105 to peer 0x5fa2efbe1ff0 (13 bytes)
1776198371.964484 sending message 105 to peer 0x5fa2efbe1ff0 (28 bytes)
1776198371.964487 sending message 105 to peer 0x5fa2efbe1ff0 (20 bytes)
1776198371.964489 sending message 105 to peer 0x5fa2efbe1ff0 (11 bytes)
1776198371.964491 sending message 105 to peer 0x5fa2efbe1ff0 (29 bytes)
1776198371.964494 sending message 105 to peer 0x5fa2efbe1ff0 (26 bytes)
1776198371.964496 sending message 105 to peer 0x5fa2efbe1ff0 (24 bytes)
1776198371.964498 sending message 105 to peer 0x5fa2efbe1ff0 (33 bytes)
1776198371.964501 sending message 105 to peer 0x5fa2efbe1ff0 (1524 bytes)
1776198371.964503 sending message 105 to peer 0x5fa2efbe1ff0 (22 bytes)
1776198371.964505 sending message 105 to peer 0x5fa2efbe1ff0 (33 bytes)
1776198371.964508 sending message 105 to peer 0x5fa2efbe1ff0 (53 bytes)
1776198371.964510 sending message 105 to peer 0x5fa2efbe1ff0 (48 bytes)
1776198371.964512 sending message 105 to peer 0x5fa2efbe1ff0 (533 bytes)
1776198371.964515 sending message 105 to peer 0x5fa2efbe1ff0 (230 bytes)
1776198371.964517 sending message 105 to peer 0x5fa2efbe1ff0 (207 bytes)
1776198371.964519 sending message 105 to peer 0x5fa2efbe1ff0 (32 bytes)
1776198371.964522 sending message 105 to peer 0x5fa2efbe1ff0 (85 bytes)
1776198371.964524 sending message 105 to peer 0x5fa2efbe1ff0 (34 bytes)
1776198371.964526 sending message 105 to peer 0x5fa2efbe1ff0 (31 bytes)
1776198371.964529 sending message 106 to peer 0x5fa2efbe1ff0 (0 bytes)
1776198371.964596 sending message 200 to peer 0x5fa2efbe1ff0 (4 bytes)
1776198371.964602 client loop enter
1776198371.965144 peer 0x5fa2efbe1ff0 message 303
1776198371.965157 open write file 2 -
1776198371.965166 sending message 305 to peer 0x5fa2efbe1ff0 (8 bytes)
1776198371.965174 write check file 2
1776198371.965329 peer 0x5fa2efbe1ff0 message 304
1776198371.965334 write 37 to file 2
1776198371.965356 peer 0x5fa2efbe1ff0 message 203
1776198371.965358 file 2 37 bytes left
1776198371.965390 write check file 2
1776198371.965395 client loop exit
